<?xml version="1.0" encoding="UTF-8"?>
<testng-results skipped="0" failed="0" ignored="0" total="3" passed="3">
  <reporter-output>
  </reporter-output>
  <suite name="Default suite" duration-ms="10320" started-at="2021-09-28T16:29:37Z" finished-at="2021-09-28T16:29:47Z">
    <groups>
    </groups>
    <test name="Default test" duration-ms="10320" started-at="2021-09-28T16:29:37Z" finished-at="2021-09-28T16:29:47Z">
      <class name="com.jbk.Demo">
        <test-method status="PASS" signature="setup()[pri:0, instance:com.jbk.Demo@5b275dab]" name="setup" is-config="true" duration-ms="3379" started-at="2021-09-28T21:59:37Z" finished-at="2021-09-28T21:59:40Z">
          <reporter-output>
          </reporter-output>
        </test-method> <!-- setup -->
        <test-method status="PASS" signature="test02()[pri:0, instance:com.jbk.Demo@5b275dab]" name="test02" duration-ms="487" started-at="2021-09-28T21:59:40Z" finished-at="2021-09-28T21:59:41Z">
          <reporter-output>
          </reporter-output>
        </test-method> <!-- test02 -->
        <test-method status="PASS" signature="setup()[pri:0, instance:com.jbk.Demo@5b275dab]" name="setup" is-config="true" duration-ms="2724" started-at="2021-09-28T21:59:41Z" finished-at="2021-09-28T21:59:43Z">
          <reporter-output>
          </reporter-output>
        </test-method> <!-- setup -->
        <test-method status="PASS" signature="test03()[pri:0, instance:com.jbk.Demo@5b275dab]" name="test03" duration-ms="270" started-at="2021-09-28T21:59:43Z" finished-at="2021-09-28T21:59:44Z">
          <reporter-output>
          </reporter-output>
        </test-method> <!-- test03 -->
        <test-method status="PASS" signature="setup()[pri:0, instance:com.jbk.Demo@5b275dab]" name="setup" is-config="true" duration-ms="2977" started-at="2021-09-28T21:59:44Z" finished-at="2021-09-28T21:59:46Z">
          <reporter-output>
          </reporter-output>
        </test-method> <!-- setup -->
        <test-method status="PASS" signature="test04()[pri:0, instance:com.jbk.Demo@5b275dab]" name="test04" duration-ms="455" started-at="2021-09-28T21:59:46Z" finished-at="2021-09-28T21:59:47Z">
          <reporter-output>
          </reporter-output>
        </test-method> <!-- test04 -->
      </class> <!-- com.jbk.Demo -->
    </test> <!-- Default test -->
  </suite> <!-- Default suite -->
</testng-results>
